-- The C compiler identification is GNU 9.4.0
-- The CXX compiler identification is GNU 9.4.0
-- Detecting C compiler ABI info
-- Detecting C compiler ABI info - done
-- Check for working C compiler: /usr/bin/cc - skipped
-- Detecting C compile features
-- Detecting C compile features - done
-- Detecting CXX compiler ABI info
-- Detecting CXX compiler ABI info - done
-- Check for working CXX compiler: /usr/bin/c++ - skipped
-- Detecting CXX compile features
-- Detecting CXX compile features - done
-- Using CATKIN_DEVEL_PREFIX: /home/ros/workspace/Simulink/catkin_ws/src/matlab_msg_gen_ros1/glnxa64/devel
-- Using CMAKE_PREFIX_PATH: /opt/matlab/R2023a/sys/ros1/glnxa64/ros1;/opt/matlab/R2023a/toolbox/ros/mlroscpp/custom_messages
-- This workspace overlays: /opt/matlab/R2023a/sys/ros1/glnxa64/ros1;/opt/matlab/R2023a/toolbox/ros/mlroscpp/custom_messages
-- Found PythonInterp: /home/ros/.matlab/R2023a/ros1/glnxa64/venv/bin/python3 (found suitable version "3.8.10", minimum required is "3") 
-- Using PYTHON_EXECUTABLE: /home/ros/.matlab/R2023a/ros1/glnxa64/venv/bin/python3
-- Using Debian Python package layout
-- Found PY_em: /home/ros/.matlab/R2023a/ros1/glnxa64/venv/lib/python3.8/site-packages/em.py  
-- Using empy: /home/ros/.matlab/R2023a/ros1/glnxa64/venv/lib/python3.8/site-packages/em.py
-- Using CATKIN_ENABLE_TESTING: off
-- catkin 0.8.10
-- BUILD_SHARED_LIBS is on
-- BUILD_SHARED_LIBS is on
-- ~~~~~~~~~~~~~~~~~~~~~~~~~~~~~~~~~~~~~~~~~~~~~~~~~
-- ~~  traversing 1 packages in topological order:
-- ~~  - jackal_op
-- ~~~~~~~~~~~~~~~~~~~~~~~~~~~~~~~~~~~~~~~~~~~~~~~~~
-- +++ processing catkin package: 'jackal_op'
-- ==> add_subdirectory(jackal_op)
CMake Warning at /opt/matlab/R2023a/sys/ros1/glnxa64/ros1/share/genmsg/cmake/genmsg-extras.cmake:49 (message):
  Unknown message generator specified in ROS_LANG_DISABLE: geneus
Call Stack (most recent call first):
  /opt/matlab/R2023a/sys/ros1/glnxa64/ros1/share/genmsg/cmake/genmsgConfig.cmake:222 (include)
  /opt/matlab/R2023a/sys/ros1/glnxa64/ros1/share/gencpp/cmake/gencppConfig.cmake:197 (find_package)
  /opt/matlab/R2023a/sys/ros1/glnxa64/ros1/share/message_generation/cmake/message_generationConfig.cmake:197 (find_package)
  /opt/matlab/R2023a/sys/ros1/glnxa64/ros1/share/catkin/cmake/catkinConfig.cmake:76 (find_package)
  jackal_op/CMakeLists.txt:20 (find_package)


CMake Warning at /opt/matlab/R2023a/sys/ros1/glnxa64/ros1/share/genmsg/cmake/genmsg-extras.cmake:49 (message):
  Unknown message generator specified in ROS_LANG_DISABLE: genlisp
Call Stack (most recent call first):
  /opt/matlab/R2023a/sys/ros1/glnxa64/ros1/share/genmsg/cmake/genmsgConfig.cmake:222 (include)
  /opt/matlab/R2023a/sys/ros1/glnxa64/ros1/share/gencpp/cmake/gencppConfig.cmake:197 (find_package)
  /opt/matlab/R2023a/sys/ros1/glnxa64/ros1/share/message_generation/cmake/message_generationConfig.cmake:197 (find_package)
  /opt/matlab/R2023a/sys/ros1/glnxa64/ros1/share/catkin/cmake/catkinConfig.cmake:76 (find_package)
  jackal_op/CMakeLists.txt:20 (find_package)


CMake Warning at /opt/matlab/R2023a/sys/ros1/glnxa64/ros1/share/genmsg/cmake/genmsg-extras.cmake:49 (message):
  Unknown message generator specified in ROS_LANG_DISABLE: gennodejs
Call Stack (most recent call first):
  /opt/matlab/R2023a/sys/ros1/glnxa64/ros1/share/genmsg/cmake/genmsgConfig.cmake:222 (include)
  /opt/matlab/R2023a/sys/ros1/glnxa64/ros1/share/gencpp/cmake/gencppConfig.cmake:197 (find_package)
  /opt/matlab/R2023a/sys/ros1/glnxa64/ros1/share/message_generation/cmake/message_generationConfig.cmake:197 (find_package)
  /opt/matlab/R2023a/sys/ros1/glnxa64/ros1/share/catkin/cmake/catkinConfig.cmake:76 (find_package)
  jackal_op/CMakeLists.txt:20 (find_package)


-- Using these message generators: gencpp;genpy
-- jackal_op: 4 messages, 0 services
-- Configuring done
-- Generating done
CMake Warning:
  Manually-specified variables were not used by the project:

    Boost_NAMESPACE


-- Build files have been written to: /home/ros/workspace/Simulink/catkin_ws/src/matlab_msg_gen_ros1/glnxa64/build
[1/19] cd /home/ros/workspace/Simulink/catkin_ws/src/matlab_msg_gen_ros1/glnxa64/build/jackal_op && /home/ros/workspace/Simulink/catkin_ws/src/matlab_msg_gen_ros1/glnxa64/build/catkin_generated/env_cached.sh /home/ros/.matlab/R2023a/ros1/glnxa64/venv/bin/python3 /opt/matlab/R2023a/sys/ros1/glnxa64/ros1/share/genmsg/cmake/../../../lib/genmsg/genmsg_check_deps.py jackal_op /home/ros/workspace/Simulink/catkin_ws/src/matlab_msg_gen_ros1/glnxa64/src/jackal_op/msg/TransformArray.msg geometry_msgs/Vector3:geometry_msgs/Transform:geometry_msgs/Quaternion:geometry_msgs/TransformStamped:std_msgs/Header
[2/19] cd /home/ros/workspace/Simulink/catkin_ws/src/matlab_msg_gen_ros1/glnxa64/build/jackal_op && /home/ros/workspace/Simulink/catkin_ws/src/matlab_msg_gen_ros1/glnxa64/build/catkin_generated/env_cached.sh /home/ros/.matlab/R2023a/ros1/glnxa64/venv/bin/python3 /opt/matlab/R2023a/sys/ros1/glnxa64/ros1/share/genmsg/cmake/../../../lib/genmsg/genmsg_check_deps.py jackal_op /home/ros/workspace/Simulink/catkin_ws/src/matlab_msg_gen_ros1/glnxa64/src/jackal_op/msg/GradientDescent.msg std_msgs/Header
[3/19] cd /home/ros/workspace/Simulink/catkin_ws/src/matlab_msg_gen_ros1/glnxa64/build/jackal_op && /home/ros/workspace/Simulink/catkin_ws/src/matlab_msg_gen_ros1/glnxa64/build/catkin_generated/env_cached.sh /home/ros/.matlab/R2023a/ros1/glnxa64/venv/bin/python3 /opt/matlab/R2023a/sys/ros1/glnxa64/ros1/share/genmsg/cmake/../../../lib/genmsg/genmsg_check_deps.py jackal_op /home/ros/workspace/Simulink/catkin_ws/src/matlab_msg_gen_ros1/glnxa64/src/jackal_op/msg/MeshUWBCentral.msg std_msgs/Header
[4/19] cd /home/ros/workspace/Simulink/catkin_ws/src/matlab_msg_gen_ros1/glnxa64/build/jackal_op && /home/ros/workspace/Simulink/catkin_ws/src/matlab_msg_gen_ros1/glnxa64/build/catkin_generated/env_cached.sh /home/ros/.matlab/R2023a/ros1/glnxa64/venv/bin/python3 /opt/matlab/R2023a/sys/ros1/glnxa64/ros1/share/genmsg/cmake/../../../lib/genmsg/genmsg_check_deps.py jackal_op /home/ros/workspace/Simulink/catkin_ws/src/matlab_msg_gen_ros1/glnxa64/src/jackal_op/msg/MeshUWB.msg std_msgs/Header
[5/19] Generating Python from MSG jackal_op/MeshUWBCentral
[6/19] Generating Python from MSG jackal_op/GradientDescent
[7/19] Generating Python from MSG jackal_op/MeshUWB
[8/19] Generating Python from MSG jackal_op/TransformArray
[9/19] Generating C++ code from jackal_op/MeshUWB.msg
[10/19] Generating C++ code from jackal_op/MeshUWBCentral.msg
[11/19] Generating C++ code from jackal_op/GradientDescent.msg
[12/19] Generating C++ code from jackal_op/TransformArray.msg
[13/19] Generating Python msg __init__.py for jackal_op
[14/19] Building CXX object jackal_op/CMakeFiles/jackal_op_matlab.dir/src/jackal_op_TransformArray_message.cpp.o
In file included from /opt/matlab/R2023a/sys/ros1/glnxa64/ros1/boost/include/boost/smart_ptr/detail/sp_thread_sleep.hpp:22,
                 from /opt/matlab/R2023a/sys/ros1/glnxa64/ros1/boost/include/boost/smart_ptr/detail/yield_k.hpp:23,
                 from /opt/matlab/R2023a/sys/ros1/glnxa64/ros1/boost/include/boost/smart_ptr/detail/spinlock_gcc_atomic.hpp:14,
                 from /opt/matlab/R2023a/sys/ros1/glnxa64/ros1/boost/include/boost/smart_ptr/detail/spinlock.hpp:42,
                 from /opt/matlab/R2023a/sys/ros1/glnxa64/ros1/boost/include/boost/smart_ptr/detail/spinlock_pool.hpp:25,
                 from /opt/matlab/R2023a/sys/ros1/glnxa64/ros1/boost/include/boost/smart_ptr/shared_ptr.hpp:65,
                 from /opt/matlab/R2023a/sys/ros1/glnxa64/ros1/boost/include/boost/shared_ptr.hpp:53,
                 from /opt/matlab/R2023a/sys/ros1/glnxa64/ros1/boost/include/boost/date_time/time_clock.hpp:53,
                 from /opt/matlab/R2023a/sys/ros1/glnxa64/ros1/boost/include/boost/date_time/posix_time/posix_time_types.hpp:46,
                 from /opt/matlab/R2023a/sys/ros1/glnxa64/ros1/boost/include/boost/date_time/posix_time/time_formatters.hpp:52,
                 from /opt/matlab/R2023a/sys/ros1/glnxa64/ros1/boost/include/boost/date_time/posix_time/posix_time.hpp:60,
                 from /opt/matlab/R2023a/sys/ros1/glnxa64/ros1/boost/include/boost/date_time/local_time/local_time.hpp:47,
                 from /opt/matlab/R2023a/sys/ros1/glnxa64/ros1/boost/include/boost/date_time.hpp:51,
                 from /home/ros/workspace/Simulink/catkin_ws/src/matlab_msg_gen_ros1/glnxa64/src/jackal_op/src/jackal_op_TransformArray_message.cpp:3:
/opt/matlab/R2023a/sys/ros1/glnxa64/ros1/boost/include/boost/bind.hpp:72:1: note: #pragma message: The practice of declaring the Bind placeholders (_1, _2, ...) in the global namespace is deprecated. Please use <boost/bind/bind.hpp> + using namespace mwboost::placeholders, or define BOOST_BIND_GLOBAL_PLACEHOLDERS to retain the current behavior.
   72 | BOOST_PRAGMA_MESSAGE(
      | ^~~~~~~~~~~~~~~~~~~~
[15/19] Building CXX object jackal_op/CMakeFiles/jackal_op_matlab.dir/src/jackal_op_MeshUWBCentral_message.cpp.o
In file included from /opt/matlab/R2023a/sys/ros1/glnxa64/ros1/boost/include/boost/smart_ptr/detail/sp_thread_sleep.hpp:22,
                 from /opt/matlab/R2023a/sys/ros1/glnxa64/ros1/boost/include/boost/smart_ptr/detail/yield_k.hpp:23,
                 from /opt/matlab/R2023a/sys/ros1/glnxa64/ros1/boost/include/boost/smart_ptr/detail/spinlock_gcc_atomic.hpp:14,
                 from /opt/matlab/R2023a/sys/ros1/glnxa64/ros1/boost/include/boost/smart_ptr/detail/spinlock.hpp:42,
                 from /opt/matlab/R2023a/sys/ros1/glnxa64/ros1/boost/include/boost/smart_ptr/detail/spinlock_pool.hpp:25,
                 from /opt/matlab/R2023a/sys/ros1/glnxa64/ros1/boost/include/boost/smart_ptr/shared_ptr.hpp:65,
                 from /opt/matlab/R2023a/sys/ros1/glnxa64/ros1/boost/include/boost/shared_ptr.hpp:53,
                 from /opt/matlab/R2023a/sys/ros1/glnxa64/ros1/boost/include/boost/date_time/time_clock.hpp:53,
                 from /opt/matlab/R2023a/sys/ros1/glnxa64/ros1/boost/include/boost/date_time/posix_time/posix_time_types.hpp:46,
                 from /opt/matlab/R2023a/sys/ros1/glnxa64/ros1/boost/include/boost/date_time/posix_time/time_formatters.hpp:52,
                 from /opt/matlab/R2023a/sys/ros1/glnxa64/ros1/boost/include/boost/date_time/posix_time/posix_time.hpp:60,
                 from /opt/matlab/R2023a/sys/ros1/glnxa64/ros1/boost/include/boost/date_time/local_time/local_time.hpp:47,
                 from /opt/matlab/R2023a/sys/ros1/glnxa64/ros1/boost/include/boost/date_time.hpp:51,
                 from /home/ros/workspace/Simulink/catkin_ws/src/matlab_msg_gen_ros1/glnxa64/src/jackal_op/src/jackal_op_MeshUWBCentral_message.cpp:3:
/opt/matlab/R2023a/sys/ros1/glnxa64/ros1/boost/include/boost/bind.hpp:72:1: note: #pragma message: The practice of declaring the Bind placeholders (_1, _2, ...) in the global namespace is deprecated. Please use <boost/bind/bind.hpp> + using namespace mwboost::placeholders, or define BOOST_BIND_GLOBAL_PLACEHOLDERS to retain the current behavior.
   72 | BOOST_PRAGMA_MESSAGE(
      | ^~~~~~~~~~~~~~~~~~~~
[16/19] Building CXX object jackal_op/CMakeFiles/jackal_op_matlab.dir/src/jackal_op_MeshUWB_message.cpp.o
In file included from /opt/matlab/R2023a/sys/ros1/glnxa64/ros1/boost/include/boost/smart_ptr/detail/sp_thread_sleep.hpp:22,
                 from /opt/matlab/R2023a/sys/ros1/glnxa64/ros1/boost/include/boost/smart_ptr/detail/yield_k.hpp:23,
                 from /opt/matlab/R2023a/sys/ros1/glnxa64/ros1/boost/include/boost/smart_ptr/detail/spinlock_gcc_atomic.hpp:14,
                 from /opt/matlab/R2023a/sys/ros1/glnxa64/ros1/boost/include/boost/smart_ptr/detail/spinlock.hpp:42,
                 from /opt/matlab/R2023a/sys/ros1/glnxa64/ros1/boost/include/boost/smart_ptr/detail/spinlock_pool.hpp:25,
                 from /opt/matlab/R2023a/sys/ros1/glnxa64/ros1/boost/include/boost/smart_ptr/shared_ptr.hpp:65,
                 from /opt/matlab/R2023a/sys/ros1/glnxa64/ros1/boost/include/boost/shared_ptr.hpp:53,
                 from /opt/matlab/R2023a/sys/ros1/glnxa64/ros1/boost/include/boost/date_time/time_clock.hpp:53,
                 from /opt/matlab/R2023a/sys/ros1/glnxa64/ros1/boost/include/boost/date_time/posix_time/posix_time_types.hpp:46,
                 from /opt/matlab/R2023a/sys/ros1/glnxa64/ros1/boost/include/boost/date_time/posix_time/time_formatters.hpp:52,
                 from /opt/matlab/R2023a/sys/ros1/glnxa64/ros1/boost/include/boost/date_time/posix_time/posix_time.hpp:60,
                 from /opt/matlab/R2023a/sys/ros1/glnxa64/ros1/boost/include/boost/date_time/local_time/local_time.hpp:47,
                 from /opt/matlab/R2023a/sys/ros1/glnxa64/ros1/boost/include/boost/date_time.hpp:51,
                 from /home/ros/workspace/Simulink/catkin_ws/src/matlab_msg_gen_ros1/glnxa64/src/jackal_op/src/jackal_op_MeshUWB_message.cpp:3:
/opt/matlab/R2023a/sys/ros1/glnxa64/ros1/boost/include/boost/bind.hpp:72:1: note: #pragma message: The practice of declaring the Bind placeholders (_1, _2, ...) in the global namespace is deprecated. Please use <boost/bind/bind.hpp> + using namespace mwboost::placeholders, or define BOOST_BIND_GLOBAL_PLACEHOLDERS to retain the current behavior.
   72 | BOOST_PRAGMA_MESSAGE(
      | ^~~~~~~~~~~~~~~~~~~~
[17/19] Building CXX object jackal_op/CMakeFiles/jackal_op_matlab.dir/src/jackal_op_GradientDescent_message.cpp.o
In file included from /opt/matlab/R2023a/sys/ros1/glnxa64/ros1/boost/include/boost/smart_ptr/detail/sp_thread_sleep.hpp:22,
                 from /opt/matlab/R2023a/sys/ros1/glnxa64/ros1/boost/include/boost/smart_ptr/detail/yield_k.hpp:23,
                 from /opt/matlab/R2023a/sys/ros1/glnxa64/ros1/boost/include/boost/smart_ptr/detail/spinlock_gcc_atomic.hpp:14,
                 from /opt/matlab/R2023a/sys/ros1/glnxa64/ros1/boost/include/boost/smart_ptr/detail/spinlock.hpp:42,
                 from /opt/matlab/R2023a/sys/ros1/glnxa64/ros1/boost/include/boost/smart_ptr/detail/spinlock_pool.hpp:25,
                 from /opt/matlab/R2023a/sys/ros1/glnxa64/ros1/boost/include/boost/smart_ptr/shared_ptr.hpp:65,
                 from /opt/matlab/R2023a/sys/ros1/glnxa64/ros1/boost/include/boost/shared_ptr.hpp:53,
                 from /opt/matlab/R2023a/sys/ros1/glnxa64/ros1/boost/include/boost/date_time/time_clock.hpp:53,
                 from /opt/matlab/R2023a/sys/ros1/glnxa64/ros1/boost/include/boost/date_time/posix_time/posix_time_types.hpp:46,
                 from /opt/matlab/R2023a/sys/ros1/glnxa64/ros1/boost/include/boost/date_time/posix_time/time_formatters.hpp:52,
                 from /opt/matlab/R2023a/sys/ros1/glnxa64/ros1/boost/include/boost/date_time/posix_time/posix_time.hpp:60,
                 from /opt/matlab/R2023a/sys/ros1/glnxa64/ros1/boost/include/boost/date_time/local_time/local_time.hpp:47,
                 from /opt/matlab/R2023a/sys/ros1/glnxa64/ros1/boost/include/boost/date_time.hpp:51,
                 from /home/ros/workspace/Simulink/catkin_ws/src/matlab_msg_gen_ros1/glnxa64/src/jackal_op/src/jackal_op_GradientDescent_message.cpp:3:
/opt/matlab/R2023a/sys/ros1/glnxa64/ros1/boost/include/boost/bind.hpp:72:1: note: #pragma message: The practice of declaring the Bind placeholders (_1, _2, ...) in the global namespace is deprecated. Please use <boost/bind/bind.hpp> + using namespace mwboost::placeholders, or define BOOST_BIND_GLOBAL_PLACEHOLDERS to retain the current behavior.
   72 | BOOST_PRAGMA_MESSAGE(
      | ^~~~~~~~~~~~~~~~~~~~
[18/19] Linking CXX shared library /home/ros/workspace/Simulink/catkin_ws/src/matlab_msg_gen_ros1/glnxa64/devel/lib/libjackal_op_matlab.so
[18/19] Install the project...
-- Install configuration: "Release"
-- Installing: /home/ros/workspace/Simulink/catkin_ws/src/matlab_msg_gen_ros1/glnxa64/install/_setup_util.py
-- Installing: /home/ros/workspace/Simulink/catkin_ws/src/matlab_msg_gen_ros1/glnxa64/install/env.sh
-- Installing: /home/ros/workspace/Simulink/catkin_ws/src/matlab_msg_gen_ros1/glnxa64/install/setup.bash
-- Installing: /home/ros/workspace/Simulink/catkin_ws/src/matlab_msg_gen_ros1/glnxa64/install/local_setup.bash
-- Installing: /home/ros/workspace/Simulink/catkin_ws/src/matlab_msg_gen_ros1/glnxa64/install/setup.sh
-- Installing: /home/ros/workspace/Simulink/catkin_ws/src/matlab_msg_gen_ros1/glnxa64/install/local_setup.sh
-- Installing: /home/ros/workspace/Simulink/catkin_ws/src/matlab_msg_gen_ros1/glnxa64/install/setup.zsh
-- Installing: /home/ros/workspace/Simulink/catkin_ws/src/matlab_msg_gen_ros1/glnxa64/install/local_setup.zsh
-- Installing: /home/ros/workspace/Simulink/catkin_ws/src/matlab_msg_gen_ros1/glnxa64/install/.rosinstall
-- Installing: /home/ros/workspace/Simulink/catkin_ws/src/matlab_msg_gen_ros1/glnxa64/install/share/jackal_op/msg/GradientDescent.msg
-- Installing: /home/ros/workspace/Simulink/catkin_ws/src/matlab_msg_gen_ros1/glnxa64/install/share/jackal_op/msg/MeshUWB.msg
-- Installing: /home/ros/workspace/Simulink/catkin_ws/src/matlab_msg_gen_ros1/glnxa64/install/share/jackal_op/msg/MeshUWBCentral.msg
-- Installing: /home/ros/workspace/Simulink/catkin_ws/src/matlab_msg_gen_ros1/glnxa64/install/share/jackal_op/msg/TransformArray.msg
-- Installing: /home/ros/workspace/Simulink/catkin_ws/src/matlab_msg_gen_ros1/glnxa64/install/share/jackal_op/cmake/jackal_op-msg-paths.cmake
-- Installing: /home/ros/workspace/Simulink/catkin_ws/src/matlab_msg_gen_ros1/glnxa64/install/include/jackal_op
-- Installing: /home/ros/workspace/Simulink/catkin_ws/src/matlab_msg_gen_ros1/glnxa64/install/include/jackal_op/GradientDescent.h
-- Installing: /home/ros/workspace/Simulink/catkin_ws/src/matlab_msg_gen_ros1/glnxa64/install/include/jackal_op/MeshUWB.h
-- Installing: /home/ros/workspace/Simulink/catkin_ws/src/matlab_msg_gen_ros1/glnxa64/install/include/jackal_op/TransformArray.h
-- Installing: /home/ros/workspace/Simulink/catkin_ws/src/matlab_msg_gen_ros1/glnxa64/install/include/jackal_op/MeshUWBCentral.h
Listing '/home/ros/workspace/Simulink/catkin_ws/src/matlab_msg_gen_ros1/glnxa64/devel/lib/python3/dist-packages/jackal_op'...
Compiling '/home/ros/workspace/Simulink/catkin_ws/src/matlab_msg_gen_ros1/glnxa64/devel/lib/python3/dist-packages/jackal_op/__init__.py'...
Listing '/home/ros/workspace/Simulink/catkin_ws/src/matlab_msg_gen_ros1/glnxa64/devel/lib/python3/dist-packages/jackal_op/msg'...
Compiling '/home/ros/workspace/Simulink/catkin_ws/src/matlab_msg_gen_ros1/glnxa64/devel/lib/python3/dist-packages/jackal_op/msg/_GradientDescent.py'...
Compiling '/home/ros/workspace/Simulink/catkin_ws/src/matlab_msg_gen_ros1/glnxa64/devel/lib/python3/dist-packages/jackal_op/msg/_MeshUWB.py'...
Compiling '/home/ros/workspace/Simulink/catkin_ws/src/matlab_msg_gen_ros1/glnxa64/devel/lib/python3/dist-packages/jackal_op/msg/_MeshUWBCentral.py'...
Compiling '/home/ros/workspace/Simulink/catkin_ws/src/matlab_msg_gen_ros1/glnxa64/devel/lib/python3/dist-packages/jackal_op/msg/_TransformArray.py'...
Compiling '/home/ros/workspace/Simulink/catkin_ws/src/matlab_msg_gen_ros1/glnxa64/devel/lib/python3/dist-packages/jackal_op/msg/__init__.py'...
-- Installing: /home/ros/workspace/Simulink/catkin_ws/src/matlab_msg_gen_ros1/glnxa64/install/lib/python3/dist-packages/jackal_op
-- Installing: /home/ros/workspace/Simulink/catkin_ws/src/matlab_msg_gen_ros1/glnxa64/install/lib/python3/dist-packages/jackal_op/msg
-- Installing: /home/ros/workspace/Simulink/catkin_ws/src/matlab_msg_gen_ros1/glnxa64/install/lib/python3/dist-packages/jackal_op/msg/_TransformArray.py
-- Installing: /home/ros/workspace/Simulink/catkin_ws/src/matlab_msg_gen_ros1/glnxa64/install/lib/python3/dist-packages/jackal_op/msg/_MeshUWB.py
-- Installing: /home/ros/workspace/Simulink/catkin_ws/src/matlab_msg_gen_ros1/glnxa64/install/lib/python3/dist-packages/jackal_op/msg/_GradientDescent.py
-- Installing: /home/ros/workspace/Simulink/catkin_ws/src/matlab_msg_gen_ros1/glnxa64/install/lib/python3/dist-packages/jackal_op/msg/_MeshUWBCentral.py
-- Installing: /home/ros/workspace/Simulink/catkin_ws/src/matlab_msg_gen_ros1/glnxa64/install/lib/python3/dist-packages/jackal_op/msg/__pycache__
-- Installing: /home/ros/workspace/Simulink/catkin_ws/src/matlab_msg_gen_ros1/glnxa64/install/lib/python3/dist-packages/jackal_op/msg/__pycache__/_MeshUWBCentral.cpython-38.pyc
-- Installing: /home/ros/workspace/Simulink/catkin_ws/src/matlab_msg_gen_ros1/glnxa64/install/lib/python3/dist-packages/jackal_op/msg/__pycache__/_MeshUWB.cpython-38.pyc
-- Installing: /home/ros/workspace/Simulink/catkin_ws/src/matlab_msg_gen_ros1/glnxa64/install/lib/python3/dist-packages/jackal_op/msg/__pycache__/_TransformArray.cpython-38.pyc
-- Installing: /home/ros/workspace/Simulink/catkin_ws/src/matlab_msg_gen_ros1/glnxa64/install/lib/python3/dist-packages/jackal_op/msg/__pycache__/_GradientDescent.cpython-38.pyc
-- Installing: /home/ros/workspace/Simulink/catkin_ws/src/matlab_msg_gen_ros1/glnxa64/install/lib/python3/dist-packages/jackal_op/msg/__pycache__/__init__.cpython-38.pyc
-- Installing: /home/ros/workspace/Simulink/catkin_ws/src/matlab_msg_gen_ros1/glnxa64/install/lib/python3/dist-packages/jackal_op/msg/__init__.py
-- Installing: /home/ros/workspace/Simulink/catkin_ws/src/matlab_msg_gen_ros1/glnxa64/install/lib/python3/dist-packages/jackal_op/__pycache__
-- Installing: /home/ros/workspace/Simulink/catkin_ws/src/matlab_msg_gen_ros1/glnxa64/install/lib/python3/dist-packages/jackal_op/__pycache__/__init__.cpython-38.pyc
-- Installing: /home/ros/workspace/Simulink/catkin_ws/src/matlab_msg_gen_ros1/glnxa64/install/lib/python3/dist-packages/jackal_op/__init__.py
-- Installing: /home/ros/workspace/Simulink/catkin_ws/src/matlab_msg_gen_ros1/glnxa64/install/lib/pkgconfig/jackal_op.pc
-- Installing: /home/ros/workspace/Simulink/catkin_ws/src/matlab_msg_gen_ros1/glnxa64/install/share/jackal_op/cmake/jackal_op-msg-extras.cmake
-- Installing: /home/ros/workspace/Simulink/catkin_ws/src/matlab_msg_gen_ros1/glnxa64/install/share/jackal_op/cmake/jackal_opConfig.cmake
-- Installing: /home/ros/workspace/Simulink/catkin_ws/src/matlab_msg_gen_ros1/glnxa64/install/share/jackal_op/cmake/jackal_opConfig-version.cmake
-- Installing: /home/ros/workspace/Simulink/catkin_ws/src/matlab_msg_gen_ros1/glnxa64/install/share/jackal_op/package.xml
-- Up-to-date: /home/ros/workspace/Simulink/catkin_ws/src/matlab_msg_gen_ros1/glnxa64/install/include
-- Up-to-date: /home/ros/workspace/Simulink/catkin_ws/src/matlab_msg_gen_ros1/glnxa64/install/include/jackal_op
-- Installing: /home/ros/workspace/Simulink/catkin_ws/src/matlab_msg_gen_ros1/glnxa64/install/include/jackal_op/visibility_control.h
-- Installing: /home/ros/workspace/Simulink/catkin_ws/src/matlab_msg_gen_ros1/glnxa64/install/lib/libjackal_op_matlab.so
-- Installing: /home/ros/workspace/Simulink/catkin_ws/src/matlab_msg_gen_ros1/glnxa64/install/m/
-- Installing: /home/ros/workspace/Simulink/catkin_ws/src/matlab_msg_gen_ros1/glnxa64/install/m//+ros
-- Installing: /home/ros/workspace/Simulink/catkin_ws/src/matlab_msg_gen_ros1/glnxa64/install/m//+ros/+internal
-- Installing: /home/ros/workspace/Simulink/catkin_ws/src/matlab_msg_gen_ros1/glnxa64/install/m//+ros/+internal/+ros
-- Installing: /home/ros/workspace/Simulink/catkin_ws/src/matlab_msg_gen_ros1/glnxa64/install/m//+ros/+internal/+ros/+custommessages
-- Installing: /home/ros/workspace/Simulink/catkin_ws/src/matlab_msg_gen_ros1/glnxa64/install/m//+ros/+internal/+ros/+custommessages/+jackal_op
-- Installing: /home/ros/workspace/Simulink/catkin_ws/src/matlab_msg_gen_ros1/glnxa64/install/m//+ros/+internal/+ros/+custommessages/+jackal_op/meshUWB.m
-- Installing: /home/ros/workspace/Simulink/catkin_ws/src/matlab_msg_gen_ros1/glnxa64/install/m//+ros/+internal/+ros/+custommessages/+jackal_op/meshUWBCentral.m
-- Installing: /home/ros/workspace/Simulink/catkin_ws/src/matlab_msg_gen_ros1/glnxa64/install/m//+ros/+internal/+ros/+custommessages/+jackal_op/transformArray.m
-- Installing: /home/ros/workspace/Simulink/catkin_ws/src/matlab_msg_gen_ros1/glnxa64/install/m//+ros/+internal/+ros/+custommessages/+jackal_op/gradientDescent.m
-- Installing: /home/ros/workspace/Simulink/catkin_ws/src/matlab_msg_gen_ros1/glnxa64/install/m//+ros/+msggen
-- Installing: /home/ros/workspace/Simulink/catkin_ws/src/matlab_msg_gen_ros1/glnxa64/install/m//+ros/+msggen/+jackal_op
-- Installing: /home/ros/workspace/Simulink/catkin_ws/src/matlab_msg_gen_ros1/glnxa64/install/m//+ros/+msggen/+jackal_op/MeshUWB.m
-- Installing: /home/ros/workspace/Simulink/catkin_ws/src/matlab_msg_gen_ros1/glnxa64/install/m//+ros/+msggen/+jackal_op/TransformArray.m
-- Installing: /home/ros/workspace/Simulink/catkin_ws/src/matlab_msg_gen_ros1/glnxa64/install/m//+ros/+msggen/+jackal_op/GradientDescent.m
-- Installing: /home/ros/workspace/Simulink/catkin_ws/src/matlab_msg_gen_ros1/glnxa64/install/m//+ros/+msggen/+jackal_op/MeshUWBCentral.m
Base path: /home/ros/workspace/Simulink/catkin_ws/src/matlab_msg_gen_ros1/glnxa64
Source space: /home/ros/workspace/Simulink/catkin_ws/src/matlab_msg_gen_ros1/glnxa64/src
Build space: /home/ros/workspace/Simulink/catkin_ws/src/matlab_msg_gen_ros1/glnxa64/build
Devel space: /home/ros/workspace/Simulink/catkin_ws/src/matlab_msg_gen_ros1/glnxa64/devel
Install space: /home/ros/workspace/Simulink/catkin_ws/src/matlab_msg_gen_ros1/glnxa64/install
Creating symlink "/home/ros/workspace/Simulink/catkin_ws/src/matlab_msg_gen_ros1/glnxa64/src/CMakeLists.txt" pointing to "/opt/matlab/R2023a/sys/ros1/glnxa64/ros1/share/catkin/cmake/toplevel.cmake"
####
#### Running command: "cmake /home/ros/workspace/Simulink/catkin_ws/src/matlab_msg_gen_ros1/glnxa64/src -DALIAS_ROS1_CLASS_LOADER=1 -DBoost_NAMESPACE=mwboost -DCATKIN_ENABLE_TESTING=off -DCMAKE_PREFIX_PATH=/opt/matlab/R2023a/sys/ros1/glnxa64/ros1;/opt/matlab/R2023a/toolbox/ros/mlroscpp/custom_messages -DCMAKE_BUILD_TYPE=Release -DCMAKE_CXX_FLAGS_RELEASE=-O0 -DCATKIN_DEVEL_PREFIX=/home/ros/workspace/Simulink/catkin_ws/src/matlab_msg_gen_ros1/glnxa64/devel -DCMAKE_INSTALL_PREFIX=/home/ros/workspace/Simulink/catkin_ws/src/matlab_msg_gen_ros1/glnxa64/install -G Ninja" in "/home/ros/workspace/Simulink/catkin_ws/src/matlab_msg_gen_ros1/glnxa64/build"
####
####
#### Running command: "ninja install install -j16 -l16" in "/home/ros/workspace/Simulink/catkin_ws/src/matlab_msg_gen_ros1/glnxa64/build"
####
